<?xml version="1.0" encoding="UTF-8"?>
<!-- Generated by org.testng.reporters.JUnitReportReporter -->
<testsuite hostname="LIN24003207" failures="0" tests="1" name="com.testNG.ExcelReaderTest1" time="4.548" errors="0" timestamp="2024-05-21T15:57:06 IST" skipped="0">
  <testcase classname="com.testNG.ExcelReaderTest1" name="addData" time="4.548"/>
</testsuite> <!-- com.testNG.ExcelReaderTest1 -->
