<?xml version="1.0" encoding="UTF-8"?>
<!-- Generated by org.testng.reporters.JUnitReportReporter -->
<testsuite hostname="LIN24003207" failures="0" tests="2" name="com.restAssured.RestAssuredDemo.GETUserListTest1" time="4.086" errors="0" timestamp="2024-05-17T12:50:11 IST" skipped="0">
  <testcase classname="com.restAssured.RestAssuredDemo.GETUserListTest1" name="getData" time="3.579"/>
  <testcase classname="com.restAssured.RestAssuredDemo.GETUserListTest1" name="addData" time="0.507"/>
</testsuite> <!-- com.restAssured.RestAssuredDemo.GETUserListTest1 -->
