<?xml version="1.0" encoding="UTF-8"?>
<!-- Generated by org.testng.reporters.JUnitReportReporter -->
<testsuite hostname="LIN24003207" failures="0" tests="1" name="objRepo.ObjectRepoTest" time="2.900" errors="0" timestamp="2024-05-17T15:57:32 IST" skipped="0">
  <testcase classname="objRepo.ObjectRepoTest" name="addData" time="2.900"/>
</testsuite> <!-- objRepo.ObjectRepoTest -->
