<?xml version="1.0" encoding="UTF-8"?>
<!-- Generated by org.testng.reporters.JUnitReportReporter -->
<testsuite hostname="LIN24003207" failures="0" tests="3" name="com.testNG.DataProviderTest" time="5.265" errors="0" timestamp="2024-05-17T12:06:25 IST" skipped="0">
  <testcase classname="com.testNG.DataProviderTest" name="addData" time="4.301"/>
  <testcase classname="com.testNG.DataProviderTest" name="addData" time="0.510"/>
  <testcase classname="com.testNG.DataProviderTest" name="addData" time="0.454"/>
</testsuite> <!-- com.testNG.DataProviderTest -->
