<?xml version="1.0" encoding="UTF-8"?>
<!-- Generated by org.testng.reporters.JUnitReportReporter -->
<testsuite hostname="LIN24003207" failures="0" tests="1" name="com.restAssured.RestAssuredDemo.TestNGTest2" time="0.009" errors="0" timestamp="2024-05-15T16:49:09 IST" skipped="0">
  <testcase classname="com.restAssured.RestAssuredDemo.TestNGTest2" name="test1" time="0.009"/>
</testsuite> <!-- com.restAssured.RestAssuredDemo.TestNGTest2 -->
