<?xml version="1.0" encoding="UTF-8"?>
<!-- Generated by org.testng.reporters.JUnitReportReporter -->
<testsuite hostname="LIN24003207" failures="0" tests="4" name="com.testNG.ExcelReaderTest2" time="5.779" errors="0" timestamp="2024-05-21T17:52:24 IST" skipped="0">
  <testcase classname="com.testNG.ExcelReaderTest2" name="addData" time="0.691"/>
  <testcase classname="com.testNG.ExcelReaderTest2" name="addData" time="0.638"/>
  <testcase classname="com.testNG.ExcelReaderTest2" name="addData" time="0.725"/>
  <testcase classname="com.testNG.ExcelReaderTest2" name="addData" time="3.725"/>
</testsuite> <!-- com.testNG.ExcelReaderTest2 -->
