<?xml version="1.0" encoding="UTF-8"?>
<!-- Generated by org.testng.reporters.JUnitReportReporter -->
<testsuite hostname="LIN24003207" failures="0" tests="2" name="com.testNG.TestParameters1" time="4.640" errors="0" timestamp="2024-05-17T13:08:05 IST" skipped="0">
  <testcase classname="com.testNG.TestParameters1" name="addData" time="0.571"/>
  <testcase classname="com.testNG.TestParameters1" name="addData" time="4.069"/>
</testsuite> <!-- com.testNG.TestParameters1 -->
