<?xml version="1.0" encoding="UTF-8"?>
<!-- Generated by org.testng.reporters.JUnitReportReporter -->
<testsuite hostname="LIN24003207" failures="0" tests="3" name="TestRunner.TestRunner" time="5.260" errors="0" timestamp="2024-05-27T15:23:31 IST" skipped="0">
  <testcase classname="TestRunner.TestRunner" name="runScenario" time="0.562"/>
  <testcase classname="TestRunner.TestRunner" name="runScenario" time="4.208"/>
  <testcase classname="TestRunner.TestRunner" name="runScenario" time="0.490"/>
</testsuite> <!-- TestRunner.TestRunner -->
